#
# A fatal error has been detected by the Java Runtime Environment:
#
#  EXCEPTION_ACCESS_VIOLATION (0xc0000005) at pc=0x00007ffc71ac363f, pid=21520, tid=0x00000000000054a0
#
# JRE version: Java(TM) SE Runtime Environment (8.0_191-b12) (build 1.8.0_191-b12)
# Java VM: Java HotSpot(TM) 64-Bit Server VM (25.191-b12 mixed mode windows-amd64 compressed oops)
# Problematic frame:
# C  [nvd3dumx.dll+0xac363f]
#
# Failed to write core dump. Minidumps are not enabled by default on client versions of Windows
#
# If you would like to submit a bug report, please visit:
#   http://bugreport.java.com/bugreport/crash.jsp
# The crash happened outside the Java Virtual Machine in native code.
# See problematic frame for where to report the bug.
#

---------------  T H R E A D  ---------------

Current thread (0x000000001e8a4800):  JavaThread "AWT-Windows" daemon [_thread_in_native, id=21664, stack(0x000000001f290000,0x000000001f390000)]

siginfo: ExceptionCode=0xc0000005, writing address 0x0000000000016730

Registers:
RAX=0x0000000000000000, RBX=0x000000001f9e1000, RCX=0x000000001f99dd78, RDX=0x0000000000000000
RSP=0x000000001f38b850, RBP=0x0000000000000080, RSI=0x000000001f99cd50, RDI=0x0000000000000000
R8 =0x0000000000000000, R9 =0x0000000000000000, R10=0x0000000000000001, R11=0x000000001f99dcf8
R12=0x0000000000a44fe0, R13=0x0000000000000008, R14=0x000000001f932450, R15=0x000000000000000d
RIP=0x00007ffc71ac363f, EFLAGS=0x0000000000010202

Top of Stack: (sp=0x000000001f38b850)
0x000000001f38b850:   000000001f9e1000 000000001f99cd50
0x000000001f38b860:   0000000000000000 00007ffc71ac1d39
0x000000001f38b870:   0000000000000000 0000000000000009
0x000000001f38b880:   000000001f992610 000000001f38bf20
0x000000001f38b890:   000000001f992610 00007ffc71ac5536
0x000000001f38b8a0:   000000001f9e1000 000000001f8f9800
0x000000001f38b8b0:   000000001f8f9800 0000000000000009
0x000000001f38b8c0:   0000000000000000 00007ffc71ab3938
0x000000001f38b8d0:   000000001f8f9800 000000001f38b9d0
0x000000001f38b8e0:   0000000000add330 0000000000000000
0x000000001f38b8f0:   0000000000a54a40 00007ffce663dd27
0x000000001f38b900:   0000000000000000 0000000000000000
0x000000001f38b910:   0000000000000003 0000000000a54a80
0x000000001f38b920:   0000000000000538 0000000000000000
0x000000001f38b930:   000000001f994690 00007ffce663ce00
0x000000001f38b940:   000000001f992610 000000001f38ba80 

Instructions: (pc=0x00007ffc71ac363f)
0x00007ffc71ac361f:   7d cd d9 ff 48 8d 05 d6 a5 55 00 48 89 be 40 10
0x00007ffc71ac362f:   00 00 48 89 06 eb 02 33 f6 48 8b 83 c8 5c 00 00
0x00007ffc71ac363f:   48 89 b0 30 67 01 00 48 8b bb c8 5c 00 00 48 85
0x00007ffc71ac364f:   ff 0f 84 41 04 00 00 48 8b 07 48 8d 0d 00 35 56 


Register to memory mapping:

RAX=0x0000000000000000 is an unknown value
RBX=0x000000001f9e1000 is an unknown value
RCX=0x000000001f99dd78 is an unknown value
RDX=0x0000000000000000 is an unknown value
RSP=0x000000001f38b850 is pointing into the stack for thread: 0x000000001e8a4800
RBP=0x0000000000000080 is an unknown value
RSI=0x000000001f99cd50 is an unknown value
RDI=0x0000000000000000 is an unknown value
R8 =0x0000000000000000 is an unknown value
R9 =0x0000000000000000 is an unknown value
R10=0x0000000000000001 is an unknown value
R11=0x000000001f99dcf8 is an unknown value
R12=0x0000000000a44fe0 is an unknown value
R13=0x0000000000000008 is an unknown value
R14=0x000000001f932450 is an unknown value
R15=0x000000000000000d is an unknown value


Stack: [0x000000001f290000,0x000000001f390000],  sp=0x000000001f38b850,  free space=1006k
Native frames: (J=compiled Java code, j=interpreted, Vv=VM code, C=native code)
C  [nvd3dumx.dll+0xac363f]
C  [nvd3dumx.dll+0xac5536]
C  [nvd3dumx.dll+0xab3938]
C  [nvd3dumx.dll+0xa7c986]
C  [d3d9.dll+0xfac8]
C  [d3d9.dll+0xdf37]
C  [d3d9.dll+0xc705]
C  [d3d9.dll+0x10003]
C  [d3d9.dll+0xbcd2]
C  [d3d9.dll+0x16a34]
C  [awt.dll+0x19ead]
C  [awt.dll+0x1a00b]
C  [awt.dll+0x1a9bf]
C  [awt.dll+0x1e545]
C  [awt.dll+0x1b689]
C  0x0000000002928c67

Java frames: (J=compiled Java code, j=interpreted, Vv=VM code)
j  sun.java2d.d3d.D3DGraphicsDevice.getDeviceCapsNative(I)I+0
j  sun.java2d.d3d.D3DGraphicsDevice.access$000(I)I+1
j  sun.java2d.d3d.D3DGraphicsDevice$1.run()V+8
v  ~StubRoutines::call_stub
j  sun.awt.windows.WToolkit.eventLoop()V+0
j  sun.awt.windows.WToolkit.run()V+58
j  java.lang.Thread.run()V+11
v  ~StubRoutines::call_stub

---------------  P R O C E S S  ---------------

Java Threads: ( => current thread )
=>0x000000001e8a4800 JavaThread "AWT-Windows" daemon [_thread_in_native, id=21664, stack(0x000000001f290000,0x000000001f390000)]
  0x000000001e8a4000 JavaThread "AWT-Shutdown" [_thread_blocked, id=21660, stack(0x000000001f190000,0x000000001f290000)]
  0x000000001e8a1000 JavaThread "Java2D Disposer" daemon [_thread_blocked, id=21652, stack(0x000000001f070000,0x000000001f170000)]
  0x000000001e1b7000 JavaThread "Service Thread" daemon [_thread_blocked, id=21632, stack(0x000000001e530000,0x000000001e630000)]
  0x000000001c1b6000 JavaThread "C1 CompilerThread2" daemon [_thread_blocked, id=21640, stack(0x000000001e030000,0x000000001e130000)]
  0x000000001c1ab000 JavaThread "C2 CompilerThread1" daemon [_thread_blocked, id=17848, stack(0x000000001df30000,0x000000001e030000)]
  0x000000001c1a7800 JavaThread "C2 CompilerThread0" daemon [_thread_blocked, id=5244, stack(0x000000001de30000,0x000000001df30000)]
  0x000000001c1a5000 JavaThread "Attach Listener" daemon [_thread_blocked, id=2896, stack(0x000000001dd30000,0x000000001de30000)]
  0x000000001c1a1000 JavaThread "Signal Dispatcher" daemon [_thread_blocked, id=10168, stack(0x000000001dc30000,0x000000001dd30000)]
  0x000000001c18c800 JavaThread "Finalizer" daemon [_thread_blocked, id=1868, stack(0x000000001da30000,0x000000001db30000)]
  0x0000000002903800 JavaThread "Reference Handler" daemon [_thread_blocked, id=11276, stack(0x000000001d930000,0x000000001da30000)]
  0x0000000002812800 JavaThread "main" [_thread_in_native, id=21624, stack(0x0000000002710000,0x0000000002810000)]

Other Threads:
  0x000000001c167800 VMThread [stack: 0x000000001d830000,0x000000001d930000] [id=5592]
  0x000000001e1c3800 WatcherThread [stack: 0x000000001e630000,0x000000001e730000] [id=21648]

VM state:not at safepoint (normal execution)

VM Mutex/Monitor currently owned by a thread: None

Heap:
 PSYoungGen      total 76288K, used 5244K [0x000000076af80000, 0x0000000770480000, 0x00000007c0000000)
  eden space 65536K, 8% used [0x000000076af80000,0x000000076b49f058,0x000000076ef80000)
  from space 10752K, 0% used [0x000000076fa00000,0x000000076fa00000,0x0000000770480000)
  to   space 10752K, 0% used [0x000000076ef80000,0x000000076ef80000,0x000000076fa00000)
 ParOldGen       total 175104K, used 0K [0x00000006c0e00000, 0x00000006cb900000, 0x000000076af80000)
  object space 175104K, 0% used [0x00000006c0e00000,0x00000006c0e00000,0x00000006cb900000)
 Metaspace       used 5409K, capacity 5534K, committed 5632K, reserved 1056768K
  class space    used 646K, capacity 698K, committed 768K, reserved 1048576K

Card table byte_map: [0x0000000011cd0000,0x00000000124d0000] byte_map_base: 0x000000000e6c9000

Marking Bits: (ParMarkBitMap*) 0x00000000523d3e30
 Begin Bits: [0x0000000013030000, 0x0000000016ff8000)
 End Bits:   [0x0000000016ff8000, 0x000000001afc0000)

Polling page: 0x00000000025c0000

CodeCache: size=245760Kb used=1500Kb max_used=1500Kb free=244259Kb
 bounds [0x0000000002910000, 0x0000000002b80000, 0x0000000011910000]
 total_blobs=538 nmethods=213 adapters=238
 compilation: enabled

Compilation events (10 events):
Event: 0.119 Thread 0x000000001c1b6000  208       3       java.lang.invoke.MemberName::getReferenceKind (12 bytes)
Event: 0.119 Thread 0x000000001c1b6000 nmethod 208 0x0000000002a84610 code [0x0000000002a84760, 0x0000000002a848d0]
Event: 0.119 Thread 0x000000001c1b6000  209       1       java.lang.invoke.MethodTypeForm::basicType (5 bytes)
Event: 0.119 Thread 0x000000001c1b6000 nmethod 209 0x0000000002a84950 code [0x0000000002a84aa0, 0x0000000002a84bb0]
Event: 0.127 Thread 0x000000001c1b6000  210       3       java.lang.invoke.MemberName::isResolved (13 bytes)
Event: 0.127 Thread 0x000000001c1b6000 nmethod 210 0x0000000002a84c10 code [0x0000000002a84d60, 0x0000000002a84f10]
Event: 0.127 Thread 0x000000001c1b6000  213       3       jdk.internal.org.objectweb.asm.ClassWriter::put122 (15 bytes)
Event: 0.127 Thread 0x000000001c1b6000 nmethod 213 0x0000000002a85110 code [0x0000000002a85280, 0x0000000002a85478]
Event: 0.127 Thread 0x000000001c1b6000  212       3       java.lang.invoke.MethodType::insertParameterTypes (106 bytes)
Event: 0.128 Thread 0x000000001c1b6000 nmethod 212 0x0000000002a85590 code [0x0000000002a85840, 0x0000000002a86b68]

GC Heap History (0 events):
No events

Deoptimization events (0 events):
No events

Classes redefined (0 events):
No events

Internal exceptions (10 events):
Event: 0.023 Thread 0x0000000002812800 Exception <a 'java/lang/NoSuchMethodError': Method sun.misc.Unsafe.defineClass(Ljava/lang/String;[BII)Ljava/lang/Class; name or signature does not match> (0x000000076af87cb0) thrown at [C:\re\workspace\8-2-build-windows-amd64-cygwin\jdk8u191\11896\hotspot
Event: 0.023 Thread 0x0000000002812800 Exception <a 'java/lang/NoSuchMethodError': Method sun.misc.Unsafe.prefetchRead(Ljava/lang/Object;J)V name or signature does not match> (0x000000076af87f98) thrown at [C:\re\workspace\8-2-build-windows-amd64-cygwin\jdk8u191\11896\hotspot\src\share\vm\prim
Event: 0.064 Thread 0x0000000002812800 Exception <a 'java/security/PrivilegedActionException'> (0x000000076b000700) thrown at [C:\re\workspace\8-2-build-windows-amd64-cygwin\jdk8u191\11896\hotspot\src\share\vm\prims\jvm.cpp, line 1435]
Event: 0.064 Thread 0x0000000002812800 Exception <a 'java/security/PrivilegedActionException'> (0x000000076b000910) thrown at [C:\re\workspace\8-2-build-windows-amd64-cygwin\jdk8u191\11896\hotspot\src\share\vm\prims\jvm.cpp, line 1435]
Event: 0.065 Thread 0x0000000002812800 Exception <a 'java/security/PrivilegedActionException'> (0x000000076b004580) thrown at [C:\re\workspace\8-2-build-windows-amd64-cygwin\jdk8u191\11896\hotspot\src\share\vm\prims\jvm.cpp, line 1435]
Event: 0.065 Thread 0x0000000002812800 Exception <a 'java/security/PrivilegedActionException'> (0x000000076b004790) thrown at [C:\re\workspace\8-2-build-windows-amd64-cygwin\jdk8u191\11896\hotspot\src\share\vm\prims\jvm.cpp, line 1435]
Event: 0.067 Thread 0x0000000002812800 Exception <a 'java/io/FileNotFoundException'> (0x000000076b006960) thrown at [C:\re\workspace\8-2-build-windows-amd64-cygwin\jdk8u191\11896\hotspot\src\share\vm\prims\jni.cpp, line 709]
Event: 0.090 Thread 0x0000000002812800 Exception <a 'java/lang/NoSuchFieldError': method resolution failed> (0x000000076b21f3e8) thrown at [C:\re\workspace\8-2-build-windows-amd64-cygwin\jdk8u191\11896\hotspot\src\share\vm\prims\methodHandles.cpp, line 1167]
Event: 0.091 Thread 0x0000000002812800 Exception <a 'java/lang/NoSuchFieldError': method resolution failed> (0x000000076b22c7b8) thrown at [C:\re\workspace\8-2-build-windows-amd64-cygwin\jdk8u191\11896\hotspot\src\share\vm\prims\methodHandles.cpp, line 1167]
Event: 0.116 Thread 0x0000000002812800 Exception <a 'java/io/FileNotFoundException'> (0x000000076b2c6998) thrown at [C:\re\workspace\8-2-build-windows-amd64-cygwin\jdk8u191\11896\hotspot\src\share\vm\prims\jni.cpp, line 709]

Events (10 events):
Event: 0.154 loading class sun/java2d/d3d/D3DGraphicsDevice$1Result
Event: 0.154 loading class sun/java2d/d3d/D3DGraphicsDevice$1Result done
Event: 0.154 loading class sun/java2d/d3d/D3DGraphicsDevice$1
Event: 0.154 loading class sun/java2d/d3d/D3DGraphicsDevice$1 done
Event: 0.177 loading class sun/java2d/pipe/hw/AccelDeviceEventNotifier
Event: 0.177 loading class sun/java2d/pipe/hw/AccelDeviceEventNotifier done
Event: 0.177 loading class sun/java2d/d3d/D3DContext$D3DContextCaps
Event: 0.177 loading class sun/java2d/pipe/hw/ContextCapabilities
Event: 0.177 loading class sun/java2d/pipe/hw/ContextCapabilities done
Event: 0.177 loading class sun/java2d/d3d/D3DContext$D3DContextCaps done


Dynamic libraries:
0x00007ff632db0000 - 0x00007ff632de7000 	C:\Program Files\Java\jre1.8.0_191\bin\javaw.exe
0x00007ffce65f0000 - 0x00007ffce67dd000 	C:\WINDOWS\SYSTEM32\ntdll.dll
0x00007ffce59f0000 - 0x00007ffce5aa3000 	C:\WINDOWS\System32\KERNEL32.DLL
0x00007ffce27b0000 - 0x00007ffce2a43000 	C:\WINDOWS\System32\KERNELBASE.dll
0x00007ffce6510000 - 0x00007ffce65b3000 	C:\WINDOWS\System32\ADVAPI32.dll
0x00007ffce61e0000 - 0x00007ffce627e000 	C:\WINDOWS\System32\msvcrt.dll
0x00007ffce6450000 - 0x00007ffce64ee000 	C:\WINDOWS\System32\sechost.dll
0x00007ffce5260000 - 0x00007ffce5382000 	C:\WINDOWS\System32\RPCRT4.dll
0x00007ffce5ab0000 - 0x00007ffce5c47000 	C:\WINDOWS\System32\USER32.dll
0x00007ffce33e0000 - 0x00007ffce3400000 	C:\WINDOWS\System32\win32u.dll
0x00007ffce3a70000 - 0x00007ffce3a99000 	C:\WINDOWS\System32\GDI32.dll
0x00007ffce3620000 - 0x00007ffce37b9000 	C:\WINDOWS\System32\gdi32full.dll
0x00007ffce3500000 - 0x00007ffce35a0000 	C:\WINDOWS\System32\msvcp_win.dll
0x00007ffce26b0000 - 0x00007ffce27aa000 	C:\WINDOWS\System32\ucrtbase.dll
0x00007ffcda790000 - 0x00007ffcdaa09000 	C:\WINDOWS\WinSxS\amd64_microsoft.windows.common-controls_6595b64144ccf1df_6.0.17763.914_none_05b346b2072102f2\COMCTL32.dll
0x00007ffce5cd0000 - 0x00007ffce5ffc000 	C:\WINDOWS\System32\combase.dll
0x00007ffce35a0000 - 0x00007ffce361e000 	C:\WINDOWS\System32\bcryptPrimitives.dll
0x00007ffce6280000 - 0x00007ffce62ae000 	C:\WINDOWS\System32\IMM32.DLL
0x00000000519f0000 - 0x0000000051ac2000 	C:\Program Files\Java\jre1.8.0_191\bin\msvcr100.dll
0x0000000051bb0000 - 0x0000000052454000 	C:\Program Files\Java\jre1.8.0_191\bin\server\jvm.dll
0x00007ffce53f0000 - 0x00007ffce53f8000 	C:\WINDOWS\System32\PSAPI.DLL
0x00007ffce03d0000 - 0x00007ffce03f4000 	C:\WINDOWS\SYSTEM32\WINMM.dll
0x00007ffcde9d0000 - 0x00007ffcde9da000 	C:\WINDOWS\SYSTEM32\VERSION.dll
0x00007ffcc96d0000 - 0x00007ffcc96d9000 	C:\WINDOWS\SYSTEM32\WSOCK32.dll
0x00007ffce6000000 - 0x00007ffce606d000 	C:\WINDOWS\System32\WS2_32.dll
0x00007ffce0010000 - 0x00007ffce003d000 	C:\WINDOWS\SYSTEM32\WINMMBASE.dll
0x00007ffce37c0000 - 0x00007ffce380a000 	C:\WINDOWS\System32\cfgmgr32.dll
0x0000000052ce0000 - 0x0000000052cef000 	C:\Program Files\Java\jre1.8.0_191\bin\verify.dll
0x0000000052cb0000 - 0x0000000052cd9000 	C:\Program Files\Java\jre1.8.0_191\bin\java.dll
0x0000000052c90000 - 0x0000000052ca6000 	C:\Program Files\Java\jre1.8.0_191\bin\zip.dll
0x00007ffce3aa0000 - 0x00007ffce4f94000 	C:\WINDOWS\System32\SHELL32.dll
0x00007ffce4fa0000 - 0x00007ffce5048000 	C:\WINDOWS\System32\shcore.dll
0x00007ffce2ab0000 - 0x00007ffce31fd000 	C:\WINDOWS\System32\windows.storage.dll
0x00007ffce2680000 - 0x00007ffce26a4000 	C:\WINDOWS\System32\profapi.dll
0x00007ffce2620000 - 0x00007ffce267d000 	C:\WINDOWS\System32\powrprof.dll
0x00007ffce5390000 - 0x00007ffce53e2000 	C:\WINDOWS\System32\shlwapi.dll
0x00007ffce25e0000 - 0x00007ffce25f1000 	C:\WINDOWS\System32\kernel.appcore.dll
0x00007ffce3400000 - 0x00007ffce3417000 	C:\WINDOWS\System32\cryptsp.dll
0x0000000051850000 - 0x00000000519e9000 	C:\Program Files\Java\jre1.8.0_191\bin\awt.dll
0x00007ffce3920000 - 0x00007ffce39e4000 	C:\WINDOWS\System32\OLEAUT32.dll
0x00007ffce08f0000 - 0x00007ffce097c000 	C:\WINDOWS\SYSTEM32\apphelp.dll
0x00007ffce1030000 - 0x00007ffce105e000 	C:\WINDOWS\system32\DWMAPI.DLL
0x00007ffce3200000 - 0x00007ffce33db000 	C:\WINDOWS\System32\CRYPT32.dll
0x00007ffce2600000 - 0x00007ffce2612000 	C:\WINDOWS\System32\MSASN1.dll
0x00007ffce0a20000 - 0x00007ffce0abc000 	C:\WINDOWS\system32\uxtheme.dll
0x00007ffca54c0000 - 0x00007ffca55e7000 	C:\WINDOWS\system32\opengl32.dll
0x00007ffcc9140000 - 0x00007ffcc916c000 	C:\WINDOWS\SYSTEM32\GLU32.dll
0x00007ffce5400000 - 0x00007ffce556c000 	C:\WINDOWS\System32\MSCTF.dll
0x00007ffce6080000 - 0x00007ffce61d5000 	C:\WINDOWS\System32\ole32.dll
0x00007ffcd65f0000 - 0x00007ffcd678e000 	C:\WINDOWS\system32\d3d9.dll
0x00007ffcdaee0000 - 0x00007ffcdafce000 	C:\WINDOWS\System32\DriverStore\FileRepository\nv_dispi.inf_amd64_db678424d2641c3d\nvldumdx.dll
0x00007ffce2a50000 - 0x00007ffce2aa9000 	C:\WINDOWS\System32\WINTRUST.DLL
0x00007ffce64f0000 - 0x00007ffce650d000 	C:\WINDOWS\System32\imagehlp.dll
0x00007ffce19d0000 - 0x00007ffce1a03000 	C:\WINDOWS\system32\rsaenh.dll
0x00007ffce3420000 - 0x00007ffce3446000 	C:\WINDOWS\System32\bcrypt.dll
0x00007ffce2020000 - 0x00007ffce202c000 	C:\WINDOWS\SYSTEM32\CRYPTBASE.dll
0x00007ffc71000000 - 0x00007ffc7249b000 	C:\WINDOWS\System32\DriverStore\FileRepository\nv_dispi.inf_amd64_db678424d2641c3d\nvd3dumx.dll
0x00007ffcd54e0000 - 0x00007ffcd56cd000 	C:\WINDOWS\SYSTEM32\dbghelp.dll

VM Arguments:
jvm_args: -Dfile.encoding=Cp1252 
java_command: gui.TestGUI
java_class_path (initial): E:\PDFReader\PDF_Reader\bin;E:\Jars\PDFBox\pdfbox-1.8.16.jar;E:\Jars\PDFBox\pdfbox-app-1.8.16.jar
Launcher Type: SUN_STANDARD

Environment Variables:
JAVA_HOME=C:\Program Files\Java\jdk1.8.0_191
PATH=C:/Program Files/Java/jre1.8.0_191/bin/server;C:/Program Files/Java/jre1.8.0_191/bin;C:/Program Files/Java/jre1.8.0_191/lib/amd64;D:\app\soham\product\11.2.0\dbhome_1\bin;C:\Program Files (x86)\Common Files\Oracle\Java\javapath;C:\Windows\system32;C:\Windows;C:\Windows\System32\Wbem;C:\Windows\System32\WindowsPowerShell\v1.0\;C:\Windows\System32\OpenSSH\;C:\Program Files (x86)\NVIDIA Corporation\PhysX\Common;C:\xampp\php;C:\Program Files\MongoDB\Server\4.0\bin;C:\WINDOWS\system32;C:\WINDOWS;C:\WINDOWS\System32\Wbem;C:\WINDOWS\System32\WindowsPowerShell\v1.0\;C:\WINDOWS\System32\OpenSSH\;C:\Program Files\MAVEN\apache-maven-3.5.3\bin;C:\Program Files\Microsoft SQL Server\Client SDK\ODBC\130\Tools\Binn\;C:\Program Files\Git\cmd;C:\Users\soham\AppData\Local\Android\sdk\tools\bin;C:\Users\soham\AppData\Local\Android\sdk\tools;C:\Users\soham\AppData\Local\Android\sdk\platform-tools;E:\nodejs\;E:\nodejs\node_modules\npm\bin;C:\Program Files\MongoDB\Server\4.2\bin;C:\Program Files (x86)\Microsoft SQL Server\140\Tools\Binn\;C:\Program Files\Microsoft SQL Server\140\Tools\Binn\;C:\Program Files\Microsoft SQL Server\140\DTS\Binn\;C:\Users\soham\AppData\Local\Programs\Python\Python37-32;C:\Users\soham\AppData\Local\Programs\Python\Python37-32\Scripts;C:\Program Files\Microsoft SQL Server\Client SDK\ODBC\170\Tools\Binn\;C:\Program Files (x86)\Microsoft SQL Server\150\Tools\Binn\;C:\Program Files\Microsoft SQL Server\150\Tools\Binn\;C:\Program Files\Microsoft SQL Server\150\DTS\Binn\;C:\Program Files (x86)\Microsoft SQL Server\150\DTS\Binn\;C:\Users\soham\AppData\Roaming\npm;C:\Users\soham\AppData\Local\Programs\Microsoft VS Code\bin;C:\Users\soham\AppData\Local\Programs\Python\Python37-32;;C:\Users\soham\Desktop;
USERNAME=soham
OS=Windows_NT
PROCESSOR_IDENTIFIER=Intel64 Family 6 Model 158 Stepping 10, GenuineIntel



---------------  S Y S T E M  ---------------

OS: Windows 10.0 , 64 bit Build 17763 (10.0.17763.475)

CPU:total 6 (initial active 6) (6 cores per cpu, 1 threads per core) family 6 model 158 stepping 10, cmov, cx8, fxsr, mmx, sse, sse2, sse3, ssse3, sse4.1, sse4.2, popcnt, avx, avx2, aes, clmul, erms, 3dnowpref, lzcnt, tsc, tscinvbit, bmi1, bmi2, adx

Memory: 4k page, physical 16712088k(8545248k free), swap 42233236k(2092k free)

vm_info: Java HotSpot(TM) 64-Bit Server VM (25.191-b12) for windows-amd64 JRE (1.8.0_191-b12), built on Oct  6 2018 09:29:03 by "java_re" with MS VC++ 10.0 (VS2010)

time: Wed Dec 25 22:49:03 2019
elapsed time: 0 seconds (0d 0h 0m 0s)

